# JRE version: OpenJDK Runtime Environment (17.0.6) (build 17.0.6+0-b2043.56-10027231)
# Java VM: OpenJDK 64-Bit Server VM (17.0.6+0-b2043.56-10027231, mixed mode, tiered, compressed oops, compressed class ptrs, g1 gc, windows-amd64)
GC Precious Log:
 CPUs: 12 total, 12 available
 Memory: 15679M
 Large Page Support: Disabled
 NUMA Support: Disabled
 Compressed Oops: Enabled (32-bit)
 Heap Region Size: 1M
 Heap Min Capacity: 8M
 Heap Initial Capacity: 246M
 Heap Max Capacity: 2G
 Pre-touch: Disabled
 Parallel Workers: 10
 Concurrent Workers: 3
 Concurrent Refinement Workers: 10
 Periodic GC: Disabled
Heap:
 garbage-first heap   total 471040K, used 297591K [0x0000000080000000, 0x0000000100000000)
  region size 1024K, 150 young (153600K), 11 survivors (11264K)
 Metaspace       used 143269K, committed 144256K, reserved 1179648K
  class space    used 20088K, committed 20544K, reserved 1048576K
GC Heap History (20 events):
Event: 274.526 GC heap before
{Heap before GC invocations=55 (full 0):
 garbage-first heap   total 263168K, used 218370K [0x0000000080000000, 0x0000000100000000)
  region size 1024K, 78 young (79872K), 8 survivors (8192K)
 Metaspace       used 143667K, committed 144640K, reserved 1179648K
  class space    used 20168K, committed 20608K, reserved 1048576K
}
Event: 274.531 GC heap after
{Heap after GC invocations=56 (full 0):
 garbage-first heap   total 263168K, used 146130K [0x0000000080000000, 0x0000000100000000)
  region size 1024K, 3 young (3072K), 3 survivors (3072K)
 Metaspace       used 143667K, committed 144640K, reserved 1179648K
  class space    used 20168K, committed 20608K, reserved 1048576K
}
Event: 274.583 GC heap before
{Heap before GC invocations=56 (full 0):
 garbage-first heap   total 263168K, used 164562K [0x0000000080000000, 0x0000000100000000)
  region size 1024K, 7 young (7168K), 3 survivors (3072K)
 Metaspace       used 143681K, committed 144640K, reserved 1179648K
  class space    used 20168K, committed 20608K, reserved 1048576K
}
Event: 274.586 GC heap after
{Heap after GC invocations=57 (full 0):
 garbage-first heap   total 263168K, used 159753K [0x0000000080000000, 0x0000000100000000)
  region size 1024K, 2 young (2048K), 2 survivors (2048K)
 Metaspace       used 143681K, committed 144640K, reserved 1179648K
  class space    used 20168K, committed 20608K, reserved 1048576K
}
Event: 274.587 GC heap before
{Heap before GC invocations=57 (full 0):
 garbage-first heap   total 263168K, used 163849K [0x0000000080000000, 0x0000000100000000)
  region size 1024K, 3 young (3072K), 2 survivors (2048K)
 Metaspace       used 143681K, committed 144640K, reserved 1179648K
  class space    used 20168K, committed 20608K, reserved 1048576K
}
Event: 274.590 GC heap after
{Heap after GC invocations=58 (full 0):
 garbage-first heap   total 263168K, used 163681K [0x0000000080000000, 0x0000000100000000)
  region size 1024K, 2 young (2048K), 2 survivors (2048K)
 Metaspace       used 143681K, committed 144640K, reserved 1179648K
  class space    used 20168K, committed 20608K, reserved 1048576K
}
Event: 392.264 GC heap before
{Heap before GC invocations=59 (full 0):
 garbage-first heap   total 280576K, used 226145K [0x0000000080000000, 0x0000000100000000)
  region size 1024K, 62 young (63488K), 2 survivors (2048K)
 Metaspace       used 141679K, committed 142784K, reserved 1179648K
  class space    used 19981K, committed 20544K, reserved 1048576K
}
Event: 392.273 GC heap after
{Heap after GC invocations=60 (full 0):
 garbage-first heap   total 280576K, used 146430K [0x0000000080000000, 0x0000000100000000)
  region size 1024K, 7 young (7168K), 7 survivors (7168K)
 Metaspace       used 141679K, committed 142784K, reserved 1179648K
  class space    used 19981K, committed 20544K, reserved 1048576K
}
Event: 392.345 GC heap before
{Heap before GC invocations=60 (full 0):
 garbage-first heap   total 280576K, used 151550K [0x0000000080000000, 0x0000000100000000)
  region size 1024K, 13 young (13312K), 7 survivors (7168K)
 Metaspace       used 141715K, committed 142784K, reserved 1179648K
  class space    used 19984K, committed 20544K, reserved 1048576K
}
Event: 392.358 GC heap after
{Heap after GC invocations=61 (full 0):
 garbage-first heap   total 280576K, used 121761K [0x0000000080000000, 0x0000000100000000)
  region size 1024K, 2 young (2048K), 2 survivors (2048K)
 Metaspace       used 141715K, committed 142784K, reserved 1179648K
  class space    used 19984K, committed 20544K, reserved 1048576K
}
Event: 392.562 GC heap before
{Heap before GC invocations=61 (full 0):
 garbage-first heap   total 280576K, used 132001K [0x0000000080000000, 0x0000000100000000)
  region size 1024K, 13 young (13312K), 2 survivors (2048K)
 Metaspace       used 141757K, committed 142784K, reserved 1179648K
  class space    used 19986K, committed 20544K, reserved 1048576K
}
Event: 392.570 GC heap after
{Heap after GC invocations=62 (full 0):
 garbage-first heap   total 280576K, used 119722K [0x0000000080000000, 0x0000000100000000)
  region size 1024K, 2 young (2048K), 2 survivors (2048K)
 Metaspace       used 141757K, committed 142784K, reserved 1179648K
  class space    used 19986K, committed 20544K, reserved 1048576K
}
Event: 392.663 GC heap before
{Heap before GC invocations=62 (full 0):
 garbage-first heap   total 280576K, used 123818K [0x0000000080000000, 0x0000000100000000)
  region size 1024K, 7 young (7168K), 2 survivors (2048K)
 Metaspace       used 141852K, committed 142848K, reserved 1179648K
  class space    used 20000K, committed 20544K, reserved 1048576K
}
Event: 392.670 GC heap after
{Heap after GC invocations=63 (full 0):
 garbage-first heap   total 280576K, used 122091K [0x0000000080000000, 0x0000000100000000)
  region size 1024K, 5 young (5120K), 5 survivors (5120K)
 Metaspace       used 141852K, committed 142848K, reserved 1179648K
  class space    used 20000K, committed 20544K, reserved 1048576K
}
Event: 490.509 GC heap before
{Heap before GC invocations=64 (full 0):
 garbage-first heap   total 280576K, used 257259K [0x0000000080000000, 0x0000000100000000)
  region size 1024K, 115 young (117760K), 5 survivors (5120K)
 Metaspace       used 142124K, committed 143040K, reserved 1179648K
  class space    used 20010K, committed 20480K, reserved 1048576K
}
Event: 490.518 GC heap after
{Heap after GC invocations=65 (full 0):
 garbage-first heap   total 280576K, used 127780K [0x0000000080000000, 0x0000000100000000)
  region size 1024K, 11 young (11264K), 11 survivors (11264K)
 Metaspace       used 142124K, committed 143040K, reserved 1179648K
  class space    used 20010K, committed 20480K, reserved 1048576K
}
Event: 490.540 GC heap before
{Heap before GC invocations=65 (full 0):
 garbage-first heap   total 280576K, used 129828K [0x0000000080000000, 0x0000000100000000)
  region size 1024K, 13 young (13312K), 11 survivors (11264K)
 Metaspace       used 142124K, committed 143040K, reserved 1179648K
  class space    used 20010K, committed 20480K, reserved 1048576K
}
Event: 490.549 GC heap after
{Heap after GC invocations=66 (full 0):
 garbage-first heap   total 280576K, used 121070K [0x0000000080000000, 0x0000000100000000)
  region size 1024K, 2 young (2048K), 2 survivors (2048K)
 Metaspace       used 142124K, committed 143040K, reserved 1179648K
  class space    used 20010K, committed 20480K, reserved 1048576K
}
Event: 825.750 GC heap before
{Heap before GC invocations=66 (full 0):
 garbage-first heap   total 280576K, used 225518K [0x0000000080000000, 0x0000000100000000)
  region size 1024K, 105 young (107520K), 2 survivors (2048K)
 Metaspace       used 142633K, committed 143552K, reserved 1179648K
  class space    used 20050K, committed 20480K, reserved 1048576K
}
Event: 825.763 GC heap after
{Heap after GC invocations=67 (full 0):
 garbage-first heap   total 563200K, used 130679K [0x0000000080000000, 0x0000000100000000)
  region size 1024K, 11 young (11264K), 11 survivors (11264K)
 Metaspace       used 142633K, committed 143552K, reserved 1179648K
  class space    used 20050K, committed 20480K, reserved 1048576K
}

